
ROM used: 540 (7%)
          2049 (25%) including unused fragments

          2 Average locations per line
          20 Average locations per statement

RAM used: 16 (4%) at main() level
          24 (7%) worst case

Stack used: 4 worst case (out of 8 total available)

Lines Stmts  %   Files
----- ----- ---  -----
   62    27 100  ejercicio4.c
  298     0   0  ..\..\..\..\Program Files (x86)\PICC\devices\16f877.h
----- -----
  360    27 Total

Page ROM  %  RAM   Vol Diff  Functions:
---- --- --- ---   --- ----  ----------
0     22   4   1             @delay_ms1
3      1   0   0     5  1.0  loader16F877
0     64  12   0   258  2.6  port_rb
0     14   3   0   282  2.7  @const71
0     72  13   3             @PSTRINGC7_9600_62_63
0     14   3   0   305  2.7  @const73
0     14   3   0   253  2.2  @const74
0     14   3   0   240  2.8  @const75
0      9   2   0   240  2.8  @const76
0     17   3   0    57  2.5  clock_isr
0     77  14   0   255  2.7  MAIN
0      7   1   0             @const80
0     82  15   4             @PSTRINGCN7_9600_62_63
0     21   4   3             @DIV88
0     58  11   2             @PRINTF_U_9600_62_63

Program metrics:
    Functions               9
    Statements              27
    Comments                88
    Volume (V)              3058
    Difficilty (D)          21.6
    Effort to implement (E) 65916
    Time to implement (T)   1 hours, 1 minutes
    Est Delivered Bugs (B)  1
    Cyclomatic Complexity   11
    Maintainability (MI)    73

 Segment     Used  Free
-----------  ----  ----
00000-00003     4  0  
00004-00035    50  0  
00036-007FF   485  1509  
00800-00FFF     0  2048  
01000-017FF     0  2048  
01800-01EFF     0  1792  
01F00-01FFF     1  255  



