
ROM used: 281 (3%)
          281 (3%) including unused fragments

          1 Average locations per line
          28 Average locations per statement

RAM used: 7 (2%) at main() level
          11 (3%) worst case

Stack used: 2 worst case (out of 8 total available)

Lines Stmts  %   Files
----- ----- ---  -----
   31    10 100  ejercicio1.c
  326     0   0  ..\..\..\..\Program Files (x86)\PICC\devices\16F877A.h
----- -----
  357    10 Total

Page ROM  %  RAM   Vol Diff  Functions:
---- --- --- ---   --- ----  ----------
0     20   7   1             @delay_ms1
0     74  26   2   221  2.6  main
0     22   8   0   110  3.1  @const72
0     82  29   4             @PSTRINGCN7_19200_62_63
0     21   7   3   265  2.8  @DIV88
0     58  21   2             @PRINTF_U_19200_62_63

Program metrics:
    Functions               3
    Statements              10
    Comments                89
    Volume (V)              790
    Difficilty (D)          8.3
    Effort to implement (E) 6587
    Time to implement (T)   6 minutes
    Est Delivered Bugs (B)  0
    Cyclomatic Complexity   1
    Maintainability (MI)    164

 Segment     Used  Free
-----------  ----  ----
00000-00003     4  0  
00004-007FF   277  1767  
00800-00FFF     0  2048  
01000-017FF     0  2048  
01800-01FFF     0  2048  



